18:40:01 INFO  manager.ApplicationManager - All tests start in Chrome
18:40:31 INFO  manager.MyListener - Start to find element with locator-->By.xpath: //*[text()='Forms']/ancestor::div[3]
18:40:31 INFO  manager.MyListener - Element with locator-->By.xpath: //*[text()='Forms']/ancestor::div[3] was found
18:40:31 INFO  manager.MyListener - Start to find element with locator-->By.cssSelector: div.element-list.collapse.show
18:40:31 INFO  manager.MyListener - Element with locator-->By.cssSelector: div.element-list.collapse.show was found
18:40:32 INFO  tests.Base - Starts test named:--> fillStudentRegistrationForm
18:40:32 INFO  manager.MyListener - Start to find element with locator-->By.id: firstName
18:40:32 INFO  manager.MyListener - Element with locator-->By.id: firstName was found
18:40:32 INFO  manager.MyListener - Start to find element with locator-->By.id: lastName
18:40:32 INFO  manager.MyListener - Element with locator-->By.id: lastName was found
18:40:33 INFO  manager.MyListener - Start to find element with locator-->By.id: userEmail
18:40:33 INFO  manager.MyListener - Element with locator-->By.id: userEmail was found
18:40:33 INFO  manager.MyListener - Start to find element with locator-->By.xpath: //label[@for='gender-radio-2']
18:40:33 INFO  manager.MyListener - Element with locator-->By.xpath: //label[@for='gender-radio-2'] was found
18:40:33 INFO  manager.MyListener - Start to find element with locator-->By.id: userNumber
18:40:33 INFO  manager.MyListener - Element with locator-->By.id: userNumber was found
18:40:34 INFO  manager.MyListener - Start to find element with locator-->By.id: dateOfBirthInput
18:40:34 INFO  manager.MyListener - Element with locator-->By.id: dateOfBirthInput was found
18:40:34 INFO  manager.MyListener - Start to find element with locator-->By.cssSelector: .react-datepicker__year-select
18:40:34 INFO  manager.MyListener - Element with locator-->By.cssSelector: .react-datepicker__year-select was found
18:40:35 INFO  manager.MyListener - Start to find element with locator-->By.xpath: .//option[@value = "2005"]
18:40:35 INFO  manager.MyListener - Element with locator-->By.xpath: .//option[@value = "2005"] was found
18:40:35 INFO  manager.MyListener - Start to find element with locator-->By.cssSelector: .react-datepicker__month-select
18:40:35 INFO  manager.MyListener - Element with locator-->By.cssSelector: .react-datepicker__month-select was found
18:40:35 INFO  manager.MyListener - Start to find element with locator-->By.xpath: .//option[@value = "9"]
18:40:35 INFO  manager.MyListener - Element with locator-->By.xpath: .//option[@value = "9"] was found
18:40:35 INFO  manager.MyListener - Start to find element with locator-->By.cssSelector: div.react-datepicker__month-select
18:40:41 INFO  manager.MyListener - Something went wrong-->https://demoqa.com/automation-practice-form
18:40:41 INFO  manager.MyListener - no such element: Unable to locate element: {"method":"css selector","selector":"div.react-datepicker__month-select"}
  (Session info: chrome=104.0.5112.102)
For documentation on this error, please visit: https://www.seleniumhq.org/exceptions/no_such_element.html
Build info: version: '3.141.59', revision: 'e82be7d358', time: '2018-11-14T08:17:03'
System info: host: 'DESKTOP-KF54E9L', ip: '192.168.42.118', os.name: 'Windows 10', os.arch: 'amd64', os.version: '10.0', java.version: '1.8.0_321'
Driver info: org.openqa.selenium.chrome.ChromeDriver
Capabilities {acceptInsecureCerts: false, browserName: chrome, browserVersion: 104.0.5112.102, chrome: {chromedriverVersion: 103.0.5060.134 (8ec6fce403b..., userDataDir: C:\Users\Olga\AppData\Local...}, goog:chromeOptions: {debuggerAddress: localhost:51476}, javascriptEnabled: true, networkConnectionEnabled: false, pageLoadStrategy: normal, platform: WINDOWS, platformName: WINDOWS, proxy: Proxy(), setWindowRect: true, strictFileInteractability: false, timeouts: {implicit: 0, pageLoad: 300000, script: 30000}, unhandledPromptBehavior: dismiss and notify, webauthn:extension:credBlob: true, webauthn:extension:largeBlob: true, webauthn:virtualAuthenticators: true}
Session ID: 0a28c854e8f54181719a35beb8bfa901
*** Element info: {Using=css selector, value=div.react-datepicker__month-select}
18:40:41 INFO  manager.MyListener - org.openqa.selenium.NoSuchElementException: no such element: Unable to locate element: {"method":"css selector","selector":"div.react-datepicker__month-select"}
  (Session info: chrome=104.0.5112.102)
For documentation on this error, please visit: https://www.seleniumhq.org/exceptions/no_such_element.html
Build info: version: '3.141.59', revision: 'e82be7d358', time: '2018-11-14T08:17:03'
System info: host: 'DESKTOP-KF54E9L', ip: '192.168.42.118', os.name: 'Windows 10', os.arch: 'amd64', os.version: '10.0', java.version: '1.8.0_321'
Driver info: org.openqa.selenium.chrome.ChromeDriver
Capabilities {acceptInsecureCerts: false, browserName: chrome, browserVersion: 104.0.5112.102, chrome: {chromedriverVersion: 103.0.5060.134 (8ec6fce403b..., userDataDir: C:\Users\Olga\AppData\Local...}, goog:chromeOptions: {debuggerAddress: localhost:51476}, javascriptEnabled: true, networkConnectionEnabled: false, pageLoadStrategy: normal, platform: WINDOWS, platformName: WINDOWS, proxy: Proxy(), setWindowRect: true, strictFileInteractability: false, timeouts: {implicit: 0, pageLoad: 300000, script: 30000}, unhandledPromptBehavior: dismiss and notify, webauthn:extension:credBlob: true, webauthn:extension:largeBlob: true, webauthn:virtualAuthenticators: true}
Session ID: 0a28c854e8f54181719a35beb8bfa901
*** Element info: {Using=css selector, value=div.react-datepicker__month-select}
18:40:41 INFO  tests.Base - Finished test named:--> fillStudentRegistrationForm
