10:32:44 INFO  manager.ApplicationManager - All tests start in Chrome
10:32:59 INFO  manager.MyListener - Start to find element with locator-->By.xpath: //*[text()='Forms']/ancestor::div[3]
10:32:59 INFO  manager.MyListener - Element with locator-->By.xpath: //*[text()='Forms']/ancestor::div[3] was found
10:33:00 INFO  manager.MyListener - Start to find element with locator-->By.cssSelector: div.element-list.collapse.show
10:33:00 INFO  manager.MyListener - Element with locator-->By.cssSelector: div.element-list.collapse.show was found
10:33:01 INFO  tests.Base - Starts test named:--> fillStudentRegistrationForm
10:33:01 INFO  manager.MyListener - Start to find element with locator-->By.id: firstName
10:33:02 INFO  manager.MyListener - Element with locator-->By.id: firstName was found
10:33:03 INFO  manager.MyListener - Start to find element with locator-->By.id: lastName
10:33:03 INFO  manager.MyListener - Element with locator-->By.id: lastName was found
10:33:03 INFO  manager.MyListener - Start to find element with locator-->By.id: userEmail
10:33:03 INFO  manager.MyListener - Element with locator-->By.id: userEmail was found
10:33:04 INFO  manager.MyListener - Start to find element with locator-->By.xpath: //label[@for='gender-radio-2']
10:33:04 INFO  manager.MyListener - Element with locator-->By.xpath: //label[@for='gender-radio-2'] was found
10:33:04 INFO  manager.MyListener - Start to find element with locator-->By.id: userNumber
10:33:04 INFO  manager.MyListener - Element with locator-->By.id: userNumber was found
10:33:04 INFO  manager.MyListener - Start to find element with locator-->By.id: dateOfBirthInput
10:33:04 INFO  manager.MyListener - Element with locator-->By.id: dateOfBirthInput was found
10:33:05 INFO  manager.MyListener - Start to find element with locator-->By.cssSelector: .react-datepicker__year-select
10:33:05 INFO  manager.MyListener - Element with locator-->By.cssSelector: .react-datepicker__year-select was found
10:33:05 INFO  manager.MyListener - Start to find element with locator-->By.xpath: .//option[@value = "2005"]
10:33:05 INFO  manager.MyListener - Element with locator-->By.xpath: .//option[@value = "2005"] was found
10:33:05 INFO  manager.MyListener - Start to find element with locator-->By.cssSelector: .react-datepicker__month-select
10:33:05 INFO  manager.MyListener - Element with locator-->By.cssSelector: .react-datepicker__month-select was found
10:33:05 INFO  manager.MyListener - Start to find element with locator-->By.xpath: .//option[@value = "9"]
10:33:05 INFO  manager.MyListener - Element with locator-->By.xpath: .//option[@value = "9"] was found
10:33:05 INFO  manager.MyListener - Start to find element with locator-->By.xpath: //div[.='17']
10:33:05 INFO  manager.MyListener - Element with locator-->By.xpath: //div[.='17'] was found
10:33:06 INFO  manager.MyListener - Start to find element with locator-->By.id: subjectsInput
10:33:06 INFO  manager.MyListener - Element with locator-->By.id: subjectsInput was found
10:33:06 INFO  manager.MyListener - Start to find element with locator-->By.id: subjectsInput
10:33:06 INFO  manager.MyListener - Element with locator-->By.id: subjectsInput was found
10:33:06 INFO  manager.MyListener - Start to find element with locator-->By.id: subjectsInput
10:33:06 INFO  manager.MyListener - Element with locator-->By.id: subjectsInput was found
10:33:06 INFO  manager.MyListener - Start to find element with locator-->By.id: subjectsInput
10:33:06 INFO  manager.MyListener - Element with locator-->By.id: subjectsInput was found
10:33:06 INFO  manager.MyListener - Start to find element with locator-->By.id: subjectsInput
10:33:06 INFO  manager.MyListener - Element with locator-->By.id: subjectsInput was found
10:33:07 INFO  manager.MyListener - Start to find element with locator-->By.id: subjectsInput
10:33:07 INFO  manager.MyListener - Element with locator-->By.id: subjectsInput was found
10:33:07 INFO  manager.MyListener - Start to find element with locator-->By.xpath: //label[@for='hobbies-checkbox-1']
10:33:07 INFO  manager.MyListener - Element with locator-->By.xpath: //label[@for='hobbies-checkbox-1'] was found
10:33:07 INFO  manager.MyListener - Start to find element with locator-->By.xpath: //label[@for='hobbies-checkbox-2']
10:33:07 INFO  manager.MyListener - Element with locator-->By.xpath: //label[@for='hobbies-checkbox-2'] was found
10:33:08 INFO  manager.MyListener - Start to find element with locator-->By.xpath: //label[@for='hobbies-checkbox-3']
10:33:08 INFO  manager.MyListener - Element with locator-->By.xpath: //label[@for='hobbies-checkbox-3'] was found
10:33:08 INFO  manager.MyListener - Start to find element with locator-->By.id: currentAddress
10:33:08 INFO  manager.MyListener - Element with locator-->By.id: currentAddress was found
10:33:08 INFO  manager.MyListener - Start to find element with locator-->By.cssSelector: div. css-tlfecz-indicatorContainer
10:33:08 INFO  manager.MyListener - Something went wrong-->https://demoqa.com/automation-practice-form
10:33:08 INFO  manager.MyListener - invalid selector: An invalid or illegal selector was specified
  (Session info: chrome=104.0.5112.102)
For documentation on this error, please visit: https://www.seleniumhq.org/exceptions/invalid_selector_exception.html
Build info: version: '3.141.59', revision: 'e82be7d358', time: '2018-11-14T08:17:03'
System info: host: 'DESKTOP-KF54E9L', ip: '192.168.42.118', os.name: 'Windows 10', os.arch: 'amd64', os.version: '10.0', java.version: '1.8.0_321'
Driver info: org.openqa.selenium.chrome.ChromeDriver
Capabilities {acceptInsecureCerts: false, browserName: chrome, browserVersion: 104.0.5112.102, chrome: {chromedriverVersion: 103.0.5060.134 (8ec6fce403b..., userDataDir: C:\Users\Olga\AppData\Local...}, goog:chromeOptions: {debuggerAddress: localhost:52025}, javascriptEnabled: true, networkConnectionEnabled: false, pageLoadStrategy: normal, platform: WINDOWS, platformName: WINDOWS, proxy: Proxy(), setWindowRect: true, strictFileInteractability: false, timeouts: {implicit: 0, pageLoad: 300000, script: 30000}, unhandledPromptBehavior: dismiss and notify, webauthn:extension:credBlob: true, webauthn:extension:largeBlob: true, webauthn:virtualAuthenticators: true}
Session ID: d03237da427e54f63022b60771475925
*** Element info: {Using=css selector, value=div. css-tlfecz-indicatorContainer}
10:33:08 INFO  manager.MyListener - org.openqa.selenium.InvalidSelectorException: invalid selector: An invalid or illegal selector was specified
  (Session info: chrome=104.0.5112.102)
For documentation on this error, please visit: https://www.seleniumhq.org/exceptions/invalid_selector_exception.html
Build info: version: '3.141.59', revision: 'e82be7d358', time: '2018-11-14T08:17:03'
System info: host: 'DESKTOP-KF54E9L', ip: '192.168.42.118', os.name: 'Windows 10', os.arch: 'amd64', os.version: '10.0', java.version: '1.8.0_321'
Driver info: org.openqa.selenium.chrome.ChromeDriver
Capabilities {acceptInsecureCerts: false, browserName: chrome, browserVersion: 104.0.5112.102, chrome: {chromedriverVersion: 103.0.5060.134 (8ec6fce403b..., userDataDir: C:\Users\Olga\AppData\Local...}, goog:chromeOptions: {debuggerAddress: localhost:52025}, javascriptEnabled: true, networkConnectionEnabled: false, pageLoadStrategy: normal, platform: WINDOWS, platformName: WINDOWS, proxy: Proxy(), setWindowRect: true, strictFileInteractability: false, timeouts: {implicit: 0, pageLoad: 300000, script: 30000}, unhandledPromptBehavior: dismiss and notify, webauthn:extension:credBlob: true, webauthn:extension:largeBlob: true, webauthn:virtualAuthenticators: true}
Session ID: d03237da427e54f63022b60771475925
*** Element info: {Using=css selector, value=div. css-tlfecz-indicatorContainer}
10:33:09 INFO  tests.Base - Finished test named:--> fillStudentRegistrationForm
