13:27:49 INFO  manager.ApplicationManager - All tests start in Chrome
13:27:54 INFO  manager.MyListener - Start to find element with locator-->By.xpath: //*[text()='Forms']/ancestor::div[3]
13:27:54 INFO  manager.MyListener - Element with locator-->By.xpath: //*[text()='Forms']/ancestor::div[3] was found
13:27:55 INFO  manager.MyListener - Start to find element with locator-->By.cssSelector: div.element-list.collapse.show
13:27:55 INFO  manager.MyListener - Element with locator-->By.cssSelector: div.element-list.collapse.show was found
13:27:55 INFO  tests.Base - Starts test named:--> fillStudentRegistrationForm
13:27:55 INFO  manager.MyListener - Start to find element with locator-->By.id: firstName
13:27:55 INFO  manager.MyListener - Element with locator-->By.id: firstName was found
13:27:55 INFO  manager.MyListener - Start to find element with locator-->By.id: lastName
13:27:55 INFO  manager.MyListener - Element with locator-->By.id: lastName was found
13:27:55 INFO  manager.MyListener - Start to find element with locator-->By.id: userEmail
13:27:55 INFO  manager.MyListener - Element with locator-->By.id: userEmail was found
13:27:55 INFO  manager.MyListener - Start to find element with locator-->By.xpath: //label[@for='gender-radio-2']
13:27:55 INFO  manager.MyListener - Element with locator-->By.xpath: //label[@for='gender-radio-2'] was found
13:27:55 INFO  manager.MyListener - Start to find element with locator-->By.id: userNumber
13:27:55 INFO  manager.MyListener - Element with locator-->By.id: userNumber was found
13:27:55 INFO  manager.MyListener - Start to find element with locator-->By.id: dateOfBirthInput
13:27:55 INFO  manager.MyListener - Element with locator-->By.id: dateOfBirthInput was found
13:27:56 INFO  manager.MyListener - Start to find element with locator-->By.cssSelector: .react-datepicker__year-select
13:27:56 INFO  manager.MyListener - Element with locator-->By.cssSelector: .react-datepicker__year-select was found
13:27:56 INFO  manager.MyListener - Start to find element with locator-->By.xpath: .//option[@value = "1995"]
13:27:56 INFO  manager.MyListener - Element with locator-->By.xpath: .//option[@value = "1995"] was found
13:27:56 INFO  manager.MyListener - Start to find element with locator-->By.cssSelector: .react-datepicker__month-select
13:27:56 INFO  manager.MyListener - Element with locator-->By.cssSelector: .react-datepicker__month-select was found
13:27:56 INFO  manager.MyListener - Start to find element with locator-->By.xpath: .//option[@value = "9"]
13:27:56 INFO  manager.MyListener - Element with locator-->By.xpath: .//option[@value = "9"] was found
13:27:56 INFO  manager.MyListener - Start to find element with locator-->By.xpath: //div[.='31']
13:27:56 INFO  manager.MyListener - Element with locator-->By.xpath: //div[.='31'] was found
13:27:56 INFO  manager.MyListener - Start to find element with locator-->By.id: subjectsInput
13:27:56 INFO  manager.MyListener - Element with locator-->By.id: subjectsInput was found
13:27:56 INFO  manager.MyListener - Start to find element with locator-->By.id: subjectsInput
13:27:56 INFO  manager.MyListener - Element with locator-->By.id: subjectsInput was found
13:27:56 INFO  manager.MyListener - Start to find element with locator-->By.id: subjectsInput
13:27:56 INFO  manager.MyListener - Element with locator-->By.id: subjectsInput was found
13:27:56 INFO  manager.MyListener - Start to find element with locator-->By.id: subjectsInput
13:27:56 INFO  manager.MyListener - Element with locator-->By.id: subjectsInput was found
13:27:56 INFO  manager.MyListener - Start to find element with locator-->By.id: subjectsInput
13:27:56 INFO  manager.MyListener - Element with locator-->By.id: subjectsInput was found
13:27:56 INFO  manager.MyListener - Start to find element with locator-->By.id: subjectsInput
13:27:56 INFO  manager.MyListener - Element with locator-->By.id: subjectsInput was found
13:27:56 INFO  manager.MyListener - Start to find element with locator-->By.xpath: //label[@for='hobbies-checkbox-1']
13:27:56 INFO  manager.MyListener - Element with locator-->By.xpath: //label[@for='hobbies-checkbox-1'] was found
13:27:56 INFO  manager.MyListener - Start to find element with locator-->By.xpath: //label[@for='hobbies-checkbox-3']
13:27:56 INFO  manager.MyListener - Element with locator-->By.xpath: //label[@for='hobbies-checkbox-3'] was found
13:27:56 INFO  manager.MyListener - Start to find element with locator-->By.id: currentAddress
13:27:56 INFO  manager.MyListener - Element with locator-->By.id: currentAddress was found
13:27:56 INFO  manager.MyListener - Start to find element with locator-->By.cssSelector: div[id='state'] div[class=' css-1wy0on6']
13:27:56 INFO  manager.MyListener - Element with locator-->By.cssSelector: div[id='state'] div[class=' css-1wy0on6'] was found
13:27:57 INFO  manager.MyListener - Start to find element with locator-->By.xpath: //*[.='Haryana']
13:27:57 INFO  manager.MyListener - Element with locator-->By.xpath: //*[.='Haryana'] was found
13:27:57 INFO  manager.MyListener - Start to find element with locator-->By.cssSelector: div[id='city'] div[class=' css-1wy0on6']
13:27:57 INFO  manager.MyListener - Element with locator-->By.cssSelector: div[id='city'] div[class=' css-1wy0on6'] was found
13:27:57 INFO  manager.MyListener - Start to find element with locator-->By.xpath: //*[.='Karnal']
13:27:57 INFO  manager.MyListener - Element with locator-->By.xpath: //*[.='Karnal'] was found
13:27:57 INFO  manager.MyListener - Start to find element with locator-->By.cssSelector: input[id='uploadPicture']
13:27:57 INFO  manager.MyListener - Element with locator-->By.cssSelector: input[id='uploadPicture'] was found
13:27:57 INFO  manager.MyListener - Something went wrong-->https://demoqa.com/automation-practice-form
13:27:57 INFO  manager.MyListener - invalid argument: File not found : C:/Users/Olga/GitHub/DemoQA_12_Olga/DemoQA_12_Olga/src/test/Image.jpg
  (Session info: chrome=113.0.5672.127)
Build info: version: '3.141.59', revision: 'e82be7d358', time: '2018-11-14T08:17:03'
System info: host: 'ARTEMKA', ip: '192.168.0.107', os.name: 'Windows 10', os.arch: 'amd64', os.version: '10.0', java.version: '1.8.0_333'
Driver info: org.openqa.selenium.chrome.ChromeDriver
Capabilities {acceptInsecureCerts: false, browserName: chrome, browserVersion: 113.0.5672.127, chrome: {chromedriverVersion: 113.0.5672.63 (0e1a4471d5ae..., userDataDir: C:\Program Files (x86)\scop...}, goog:chromeOptions: {debuggerAddress: localhost:49708}, javascriptEnabled: true, networkConnectionEnabled: false, pageLoadStrategy: normal, platform: WINDOWS, platformName: WINDOWS, proxy: Proxy(), setWindowRect: true, strictFileInteractability: false, timeouts: {implicit: 0, pageLoad: 300000, script: 30000}, unhandledPromptBehavior: dismiss and notify, webauthn:extension:credBlob: true, webauthn:extension:largeBlob: true, webauthn:extension:minPinLength: true, webauthn:extension:prf: true, webauthn:virtualAuthenticators: true}
Session ID: 5336ecca6a543d7a0225518f035ec047
13:27:57 INFO  manager.MyListener - org.openqa.selenium.InvalidArgumentException: invalid argument: File not found : C:/Users/Olga/GitHub/DemoQA_12_Olga/DemoQA_12_Olga/src/test/Image.jpg
  (Session info: chrome=113.0.5672.127)
Build info: version: '3.141.59', revision: 'e82be7d358', time: '2018-11-14T08:17:03'
System info: host: 'ARTEMKA', ip: '192.168.0.107', os.name: 'Windows 10', os.arch: 'amd64', os.version: '10.0', java.version: '1.8.0_333'
Driver info: org.openqa.selenium.chrome.ChromeDriver
Capabilities {acceptInsecureCerts: false, browserName: chrome, browserVersion: 113.0.5672.127, chrome: {chromedriverVersion: 113.0.5672.63 (0e1a4471d5ae..., userDataDir: C:\Program Files (x86)\scop...}, goog:chromeOptions: {debuggerAddress: localhost:49708}, javascriptEnabled: true, networkConnectionEnabled: false, pageLoadStrategy: normal, platform: WINDOWS, platformName: WINDOWS, proxy: Proxy(), setWindowRect: true, strictFileInteractability: false, timeouts: {implicit: 0, pageLoad: 300000, script: 30000}, unhandledPromptBehavior: dismiss and notify, webauthn:extension:credBlob: true, webauthn:extension:largeBlob: true, webauthn:extension:minPinLength: true, webauthn:extension:prf: true, webauthn:virtualAuthenticators: true}
Session ID: 5336ecca6a543d7a0225518f035ec047
13:27:57 INFO  tests.Base - Finished test named:--> fillStudentRegistrationForm
13:27:57 INFO  manager.MyListener - Start to find element with locator-->By.xpath: //*[.='Thanks for submitting the form']
13:28:02 INFO  manager.MyListener - Something went wrong-->https://demoqa.com/automation-practice-form
13:28:02 INFO  manager.MyListener - no such element: Unable to locate element: {"method":"xpath","selector":"//*[.='Thanks for submitting the form']"}
  (Session info: chrome=113.0.5672.127)
For documentation on this error, please visit: https://www.seleniumhq.org/exceptions/no_such_element.html
Build info: version: '3.141.59', revision: 'e82be7d358', time: '2018-11-14T08:17:03'
System info: host: 'ARTEMKA', ip: '192.168.0.107', os.name: 'Windows 10', os.arch: 'amd64', os.version: '10.0', java.version: '1.8.0_333'
Driver info: org.openqa.selenium.chrome.ChromeDriver
Capabilities {acceptInsecureCerts: false, browserName: chrome, browserVersion: 113.0.5672.127, chrome: {chromedriverVersion: 113.0.5672.63 (0e1a4471d5ae..., userDataDir: C:\Program Files (x86)\scop...}, goog:chromeOptions: {debuggerAddress: localhost:49708}, javascriptEnabled: true, networkConnectionEnabled: false, pageLoadStrategy: normal, platform: WINDOWS, platformName: WINDOWS, proxy: Proxy(), setWindowRect: true, strictFileInteractability: false, timeouts: {implicit: 0, pageLoad: 300000, script: 30000}, unhandledPromptBehavior: dismiss and notify, webauthn:extension:credBlob: true, webauthn:extension:largeBlob: true, webauthn:extension:minPinLength: true, webauthn:extension:prf: true, webauthn:virtualAuthenticators: true}
Session ID: 5336ecca6a543d7a0225518f035ec047
*** Element info: {Using=xpath, value=//*[.='Thanks for submitting the form']}
13:28:02 INFO  manager.MyListener - org.openqa.selenium.NoSuchElementException: no such element: Unable to locate element: {"method":"xpath","selector":"//*[.='Thanks for submitting the form']"}
  (Session info: chrome=113.0.5672.127)
For documentation on this error, please visit: https://www.seleniumhq.org/exceptions/no_such_element.html
Build info: version: '3.141.59', revision: 'e82be7d358', time: '2018-11-14T08:17:03'
System info: host: 'ARTEMKA', ip: '192.168.0.107', os.name: 'Windows 10', os.arch: 'amd64', os.version: '10.0', java.version: '1.8.0_333'
Driver info: org.openqa.selenium.chrome.ChromeDriver
Capabilities {acceptInsecureCerts: false, browserName: chrome, browserVersion: 113.0.5672.127, chrome: {chromedriverVersion: 113.0.5672.63 (0e1a4471d5ae..., userDataDir: C:\Program Files (x86)\scop...}, goog:chromeOptions: {debuggerAddress: localhost:49708}, javascriptEnabled: true, networkConnectionEnabled: false, pageLoadStrategy: normal, platform: WINDOWS, platformName: WINDOWS, proxy: Proxy(), setWindowRect: true, strictFileInteractability: false, timeouts: {implicit: 0, pageLoad: 300000, script: 30000}, unhandledPromptBehavior: dismiss and notify, webauthn:extension:credBlob: true, webauthn:extension:largeBlob: true, webauthn:extension:minPinLength: true, webauthn:extension:prf: true, webauthn:virtualAuthenticators: true}
Session ID: 5336ecca6a543d7a0225518f035ec047
*** Element info: {Using=xpath, value=//*[.='Thanks for submitting the form']}
