10:33:39 INFO  manager.ApplicationManager - All tests start in Chrome
10:33:44 INFO  manager.MyListener - Start to find element with locator-->By.xpath: //*[text()='Forms']/ancestor::div[3]
10:33:44 INFO  manager.MyListener - Element with locator-->By.xpath: //*[text()='Forms']/ancestor::div[3] was found
10:33:45 INFO  manager.MyListener - Start to find element with locator-->By.cssSelector: div.element-list.collapse.show
10:33:45 INFO  manager.MyListener - Element with locator-->By.cssSelector: div.element-list.collapse.show was found
10:33:45 INFO  tests.Base - Starts test named:--> fillStudentRegistrationForm
10:33:45 INFO  manager.MyListener - Start to find element with locator-->By.id: firstName
10:33:45 INFO  manager.MyListener - Element with locator-->By.id: firstName was found
10:33:45 INFO  manager.MyListener - Start to find element with locator-->By.id: lastName
10:33:45 INFO  manager.MyListener - Element with locator-->By.id: lastName was found
10:33:45 INFO  manager.MyListener - Start to find element with locator-->By.id: userEmail
10:33:45 INFO  manager.MyListener - Element with locator-->By.id: userEmail was found
10:33:45 INFO  manager.MyListener - Start to find element with locator-->By.xpath: //label[@for='gender-radio-2']
10:33:45 INFO  manager.MyListener - Element with locator-->By.xpath: //label[@for='gender-radio-2'] was found
10:33:45 INFO  manager.MyListener - Start to find element with locator-->By.id: userNumber
10:33:45 INFO  manager.MyListener - Element with locator-->By.id: userNumber was found
10:33:45 INFO  manager.MyListener - Start to find element with locator-->By.id: dateOfBirthInput
10:33:45 INFO  manager.MyListener - Element with locator-->By.id: dateOfBirthInput was found
10:33:46 INFO  manager.MyListener - Start to find element with locator-->By.id: dateOfBirthInput
10:33:46 INFO  manager.MyListener - Element with locator-->By.id: dateOfBirthInput was found
10:33:47 INFO  manager.MyListener - Something went wrong-->https://demoqa.com/automation-practice-form
10:33:47 INFO  manager.MyListener - element click intercepted: Element <input type="text" id="dateOfBirthInput" class="form-control react-datepicker-ignore-onclickoutside" value="05 Jun 2022January/03/2005"> is not clickable at point (691, 457). Other element would receive the click: <div>...</div>
  (Session info: chrome=102.0.5005.63)
Build info: version: '3.141.59', revision: 'e82be7d358', time: '2018-11-14T08:17:03'
System info: host: 'ARTEMKA', ip: '192.168.0.103', os.name: 'Windows 10', os.arch: 'amd64', os.version: '10.0', java.version: '1.8.0_331'
Driver info: org.openqa.selenium.chrome.ChromeDriver
Capabilities {acceptInsecureCerts: false, browserName: chrome, browserVersion: 102.0.5005.63, chrome: {chromedriverVersion: 101.0.4951.41 (93c720db8323..., userDataDir: C:\Users\ompre\AppData\Loca...}, goog:chromeOptions: {debuggerAddress: localhost:60229}, javascriptEnabled: true, networkConnectionEnabled: false, pageLoadStrategy: normal, platform: WINDOWS, platformName: WINDOWS, proxy: Proxy(), setWindowRect: true, strictFileInteractability: false, timeouts: {implicit: 0, pageLoad: 300000, script: 30000}, unhandledPromptBehavior: dismiss and notify, webauthn:extension:credBlob: true, webauthn:extension:largeBlob: true, webauthn:virtualAuthenticators: true}
Session ID: c964be701a1a3fb2f4c06ee0fdc10141
10:33:47 INFO  manager.MyListener - org.openqa.selenium.ElementClickInterceptedException: element click intercepted: Element <input type="text" id="dateOfBirthInput" class="form-control react-datepicker-ignore-onclickoutside" value="05 Jun 2022January/03/2005"> is not clickable at point (691, 457). Other element would receive the click: <div>...</div>
  (Session info: chrome=102.0.5005.63)
Build info: version: '3.141.59', revision: 'e82be7d358', time: '2018-11-14T08:17:03'
System info: host: 'ARTEMKA', ip: '192.168.0.103', os.name: 'Windows 10', os.arch: 'amd64', os.version: '10.0', java.version: '1.8.0_331'
Driver info: org.openqa.selenium.chrome.ChromeDriver
Capabilities {acceptInsecureCerts: false, browserName: chrome, browserVersion: 102.0.5005.63, chrome: {chromedriverVersion: 101.0.4951.41 (93c720db8323..., userDataDir: C:\Users\ompre\AppData\Loca...}, goog:chromeOptions: {debuggerAddress: localhost:60229}, javascriptEnabled: true, networkConnectionEnabled: false, pageLoadStrategy: normal, platform: WINDOWS, platformName: WINDOWS, proxy: Proxy(), setWindowRect: true, strictFileInteractability: false, timeouts: {implicit: 0, pageLoad: 300000, script: 30000}, unhandledPromptBehavior: dismiss and notify, webauthn:extension:credBlob: true, webauthn:extension:largeBlob: true, webauthn:virtualAuthenticators: true}
Session ID: c964be701a1a3fb2f4c06ee0fdc10141
10:33:47 INFO  tests.Base - Finished test named:--> fillStudentRegistrationForm
