18:01:37 INFO  manager.ApplicationManager - All tests start in Chrome
18:02:25 INFO  manager.MyListener - Start to find element with locator-->By.xpath: //h5[.='Widgets']
18:02:25 INFO  manager.MyListener - Element with locator-->By.xpath: //h5[.='Widgets'] was found
18:02:27 INFO  manager.MyListener - Start to find element with locator-->By.xpath: //li[.='Select Menu']
18:02:27 INFO  manager.MyListener - Element with locator-->By.xpath: //li[.='Select Menu'] was found
18:02:38 INFO  tests.Base - Starts test named:--> selectValue
18:02:38 INFO  manager.MyListener - Start to find element with locator-->By.cssSelector: div[id='selectMenuContainer'] div.row:nth-child(2) div.css-1wy0on6
18:02:39 INFO  manager.MyListener - Element with locator-->By.cssSelector: div[id='selectMenuContainer'] div.row:nth-child(2) div.css-1wy0on6 was found
18:02:40 INFO  manager.MyListener - Start to find element with locator-->By.xpath: //*[.='$s']
18:02:45 INFO  manager.MyListener - Something went wrong-->https://demoqa.com/select-menu
18:02:45 INFO  manager.MyListener - no such element: Unable to locate element: {"method":"xpath","selector":"//*[.='$s']"}
  (Session info: chrome=104.0.5112.102)
For documentation on this error, please visit: https://www.seleniumhq.org/exceptions/no_such_element.html
Build info: version: '3.141.59', revision: 'e82be7d358', time: '2018-11-14T08:17:03'
System info: host: 'DESKTOP-KF54E9L', ip: '192.168.42.118', os.name: 'Windows 10', os.arch: 'amd64', os.version: '10.0', java.version: '1.8.0_321'
Driver info: org.openqa.selenium.chrome.ChromeDriver
Capabilities {acceptInsecureCerts: false, browserName: chrome, browserVersion: 104.0.5112.102, chrome: {chromedriverVersion: 103.0.5060.134 (8ec6fce403b..., userDataDir: C:\Users\Olga\AppData\Local...}, goog:chromeOptions: {debuggerAddress: localhost:52858}, javascriptEnabled: true, networkConnectionEnabled: false, pageLoadStrategy: normal, platform: WINDOWS, platformName: WINDOWS, proxy: Proxy(), setWindowRect: true, strictFileInteractability: false, timeouts: {implicit: 0, pageLoad: 300000, script: 30000}, unhandledPromptBehavior: dismiss and notify, webauthn:extension:credBlob: true, webauthn:extension:largeBlob: true, webauthn:virtualAuthenticators: true}
Session ID: d5607a493822338897e04b966cef5c91
*** Element info: {Using=xpath, value=//*[.='$s']}
18:02:45 INFO  manager.MyListener - org.openqa.selenium.NoSuchElementException: no such element: Unable to locate element: {"method":"xpath","selector":"//*[.='$s']"}
  (Session info: chrome=104.0.5112.102)
For documentation on this error, please visit: https://www.seleniumhq.org/exceptions/no_such_element.html
Build info: version: '3.141.59', revision: 'e82be7d358', time: '2018-11-14T08:17:03'
System info: host: 'DESKTOP-KF54E9L', ip: '192.168.42.118', os.name: 'Windows 10', os.arch: 'amd64', os.version: '10.0', java.version: '1.8.0_321'
Driver info: org.openqa.selenium.chrome.ChromeDriver
Capabilities {acceptInsecureCerts: false, browserName: chrome, browserVersion: 104.0.5112.102, chrome: {chromedriverVersion: 103.0.5060.134 (8ec6fce403b..., userDataDir: C:\Users\Olga\AppData\Local...}, goog:chromeOptions: {debuggerAddress: localhost:52858}, javascriptEnabled: true, networkConnectionEnabled: false, pageLoadStrategy: normal, platform: WINDOWS, platformName: WINDOWS, proxy: Proxy(), setWindowRect: true, strictFileInteractability: false, timeouts: {implicit: 0, pageLoad: 300000, script: 30000}, unhandledPromptBehavior: dismiss and notify, webauthn:extension:credBlob: true, webauthn:extension:largeBlob: true, webauthn:virtualAuthenticators: true}
Session ID: d5607a493822338897e04b966cef5c91
*** Element info: {Using=xpath, value=//*[.='$s']}
18:02:46 INFO  tests.Base - Finished test named:--> selectValue
