18:49:45 INFO  manager.ApplicationManager - All tests start in Chrome
18:49:50 INFO  manager.MyListener - Start to find element with locator-->By.xpath: //h5[.='Elements']
18:49:50 INFO  manager.MyListener - Element with locator-->By.xpath: //h5[.='Elements'] was found
18:49:50 INFO  manager.MyListener - Start to find element with locator-->By.xpath: //span[.='Buttons']
18:49:50 INFO  manager.MyListener - Element with locator-->By.xpath: //span[.='Buttons'] was found
18:49:50 INFO  tests.Base - Starts test named:--> clicks
18:49:50 INFO  manager.MyListener - Start to find element with locator-->By.id: doubleClickBtn
18:49:51 INFO  manager.MyListener - Element with locator-->By.id: doubleClickBtn was found
18:49:51 INFO  manager.MyListener - Start to find element with locator-->By.id: doubleClickMessage
18:49:51 INFO  manager.MyListener - Element with locator-->By.id: doubleClickMessage was found
18:49:51 INFO  manager.MyListener - Start to find element with locator-->By.id: rightClickBtn
18:49:51 INFO  manager.MyListener - Element with locator-->By.id: rightClickBtn was found
18:49:51 INFO  manager.MyListener - Start to find element with locator-->By.id: rightClickMessage
18:49:56 INFO  manager.MyListener - Something went wrong-->https://demoqa.com/buttons
18:49:56 INFO  manager.MyListener - no such element: Unable to locate element: {"method":"css selector","selector":"#rightClickMessage"}
  (Session info: chrome=105.0.5195.102)
For documentation on this error, please visit: https://www.seleniumhq.org/exceptions/no_such_element.html
Build info: version: '3.141.59', revision: 'e82be7d358', time: '2018-11-14T08:17:03'
System info: host: 'ARTEMKA', ip: '192.168.0.103', os.name: 'Windows 10', os.arch: 'amd64', os.version: '10.0', java.version: '1.8.0_333'
Driver info: org.openqa.selenium.chrome.ChromeDriver
Capabilities {acceptInsecureCerts: false, browserName: chrome, browserVersion: 105.0.5195.102, chrome: {chromedriverVersion: 104.0.5112.79 (3cf3e8c8a07d..., userDataDir: C:\Users\ompre\AppData\Loca...}, goog:chromeOptions: {debuggerAddress: localhost:59757}, javascriptEnabled: true, networkConnectionEnabled: false, pageLoadStrategy: normal, platform: WINDOWS, platformName: WINDOWS, proxy: Proxy(), setWindowRect: true, strictFileInteractability: false, timeouts: {implicit: 0, pageLoad: 300000, script: 30000}, unhandledPromptBehavior: dismiss and notify, webauthn:extension:credBlob: true, webauthn:extension:largeBlob: true, webauthn:virtualAuthenticators: true}
Session ID: c1eeebb97fdac007667e3bd5cc03bcab
*** Element info: {Using=id, value=rightClickMessage}
18:49:56 INFO  manager.MyListener - org.openqa.selenium.NoSuchElementException: no such element: Unable to locate element: {"method":"css selector","selector":"#rightClickMessage"}
  (Session info: chrome=105.0.5195.102)
For documentation on this error, please visit: https://www.seleniumhq.org/exceptions/no_such_element.html
Build info: version: '3.141.59', revision: 'e82be7d358', time: '2018-11-14T08:17:03'
System info: host: 'ARTEMKA', ip: '192.168.0.103', os.name: 'Windows 10', os.arch: 'amd64', os.version: '10.0', java.version: '1.8.0_333'
Driver info: org.openqa.selenium.chrome.ChromeDriver
Capabilities {acceptInsecureCerts: false, browserName: chrome, browserVersion: 105.0.5195.102, chrome: {chromedriverVersion: 104.0.5112.79 (3cf3e8c8a07d..., userDataDir: C:\Users\ompre\AppData\Loca...}, goog:chromeOptions: {debuggerAddress: localhost:59757}, javascriptEnabled: true, networkConnectionEnabled: false, pageLoadStrategy: normal, platform: WINDOWS, platformName: WINDOWS, proxy: Proxy(), setWindowRect: true, strictFileInteractability: false, timeouts: {implicit: 0, pageLoad: 300000, script: 30000}, unhandledPromptBehavior: dismiss and notify, webauthn:extension:credBlob: true, webauthn:extension:largeBlob: true, webauthn:virtualAuthenticators: true}
Session ID: c1eeebb97fdac007667e3bd5cc03bcab
*** Element info: {Using=id, value=rightClickMessage}
18:49:56 INFO  tests.Base - Finished test named:--> clicks
