17:56:47 INFO  manager.ApplicationManager - All tests start in Chrome
17:57:34 INFO  manager.MyListener - Start to find element with locator-->By.xpath: //h5[.='Elements']
17:57:34 INFO  manager.MyListener - Element with locator-->By.xpath: //h5[.='Elements'] was found
17:57:35 INFO  manager.MyListener - Start to find element with locator-->By.xpath: //span[.='Buttons']
17:57:47 INFO  manager.MyListener - Element with locator-->By.xpath: //span[.='Buttons'] was found
17:57:48 INFO  tests.Base - Starts test named:--> doubleClick
17:57:48 INFO  manager.MyListener - Start to find element with locator-->By.id: doubleClickBtn
17:57:48 INFO  manager.MyListener - Element with locator-->By.id: doubleClickBtn was found
17:57:49 INFO  manager.MyListener - Start to find element with locator-->By.id: doubleClickMessage
17:57:55 INFO  manager.MyListener - Something went wrong-->https://demoqa.com/buttons
17:57:55 INFO  manager.MyListener - no such element: Unable to locate element: {"method":"css selector","selector":"#doubleClickMessage"}
  (Session info: chrome=104.0.5112.102)
For documentation on this error, please visit: https://www.seleniumhq.org/exceptions/no_such_element.html
Build info: version: '3.141.59', revision: 'e82be7d358', time: '2018-11-14T08:17:03'
System info: host: 'DESKTOP-KF54E9L', ip: '192.168.42.118', os.name: 'Windows 10', os.arch: 'amd64', os.version: '10.0', java.version: '1.8.0_321'
Driver info: org.openqa.selenium.chrome.ChromeDriver
Capabilities {acceptInsecureCerts: false, browserName: chrome, browserVersion: 104.0.5112.102, chrome: {chromedriverVersion: 103.0.5060.134 (8ec6fce403b..., userDataDir: C:\Users\Olga\AppData\Local...}, goog:chromeOptions: {debuggerAddress: localhost:54498}, javascriptEnabled: true, networkConnectionEnabled: false, pageLoadStrategy: normal, platform: WINDOWS, platformName: WINDOWS, proxy: Proxy(), setWindowRect: true, strictFileInteractability: false, timeouts: {implicit: 0, pageLoad: 300000, script: 30000}, unhandledPromptBehavior: dismiss and notify, webauthn:extension:credBlob: true, webauthn:extension:largeBlob: true, webauthn:virtualAuthenticators: true}
Session ID: db856a958fbf40d691d1c633aa0ff03a
*** Element info: {Using=id, value=doubleClickMessage}
17:57:55 INFO  manager.MyListener - org.openqa.selenium.NoSuchElementException: no such element: Unable to locate element: {"method":"css selector","selector":"#doubleClickMessage"}
  (Session info: chrome=104.0.5112.102)
For documentation on this error, please visit: https://www.seleniumhq.org/exceptions/no_such_element.html
Build info: version: '3.141.59', revision: 'e82be7d358', time: '2018-11-14T08:17:03'
System info: host: 'DESKTOP-KF54E9L', ip: '192.168.42.118', os.name: 'Windows 10', os.arch: 'amd64', os.version: '10.0', java.version: '1.8.0_321'
Driver info: org.openqa.selenium.chrome.ChromeDriver
Capabilities {acceptInsecureCerts: false, browserName: chrome, browserVersion: 104.0.5112.102, chrome: {chromedriverVersion: 103.0.5060.134 (8ec6fce403b..., userDataDir: C:\Users\Olga\AppData\Local...}, goog:chromeOptions: {debuggerAddress: localhost:54498}, javascriptEnabled: true, networkConnectionEnabled: false, pageLoadStrategy: normal, platform: WINDOWS, platformName: WINDOWS, proxy: Proxy(), setWindowRect: true, strictFileInteractability: false, timeouts: {implicit: 0, pageLoad: 300000, script: 30000}, unhandledPromptBehavior: dismiss and notify, webauthn:extension:credBlob: true, webauthn:extension:largeBlob: true, webauthn:virtualAuthenticators: true}
Session ID: db856a958fbf40d691d1c633aa0ff03a
*** Element info: {Using=id, value=doubleClickMessage}
17:57:56 INFO  tests.Base - Finished test named:--> doubleClick
