11:38:06 INFO  manager.ApplicationManager - All tests start in Chrome
11:38:21 INFO  manager.MyListener - Start to find element with locator-->By.xpath: //h5[.='Interactions']
11:38:21 INFO  manager.MyListener - Element with locator-->By.xpath: //h5[.='Interactions'] was found
11:38:22 INFO  tests.Base - Starts test named:--> droppablePreventPropagation
11:38:22 INFO  manager.MyListener - Start to find element with locator-->By.xpath: //li[.='Droppable']
11:38:22 INFO  manager.MyListener - Element with locator-->By.xpath: //li[.='Droppable'] was found
11:38:23 INFO  manager.MyListener - Start to find element with locator-->By.xpath: //*[.='Prevent Propogation']
11:38:23 INFO  manager.MyListener - Element with locator-->By.xpath: //*[.='Prevent Propogation'] was found
11:38:24 INFO  manager.MyListener - Start to find element with locator-->By.xpath: Inner droppable (greedy)
11:38:24 INFO  manager.MyListener - Something went wrong-->https://demoqa.com/droppable
11:38:24 INFO  manager.MyListener - invalid selector: Unable to locate an element with the xpath expression Inner droppable (greedy) because of the following error:
SyntaxError: Failed to execute 'evaluate' on 'Document': The string 'Inner droppable (greedy)' is not a valid XPath expression.
  (Session info: chrome=105.0.5195.127)
For documentation on this error, please visit: https://www.seleniumhq.org/exceptions/invalid_selector_exception.html
Build info: version: '3.141.59', revision: 'e82be7d358', time: '2018-11-14T08:17:03'
System info: host: 'DESKTOP-KF54E9L', ip: '192.168.42.119', os.name: 'Windows 10', os.arch: 'amd64', os.version: '10.0', java.version: '1.8.0_321'
Driver info: org.openqa.selenium.chrome.ChromeDriver
Capabilities {acceptInsecureCerts: false, browserName: chrome, browserVersion: 105.0.5195.127, chrome: {chromedriverVersion: 105.0.5195.52 (412c95e51883..., userDataDir: C:\Users\Olga\AppData\Local...}, goog:chromeOptions: {debuggerAddress: localhost:52007}, javascriptEnabled: true, networkConnectionEnabled: false, pageLoadStrategy: normal, platform: WINDOWS, platformName: WINDOWS, proxy: Proxy(), setWindowRect: true, strictFileInteractability: false, timeouts: {implicit: 0, pageLoad: 300000, script: 30000}, unhandledPromptBehavior: dismiss and notify, webauthn:extension:credBlob: true, webauthn:extension:largeBlob: true, webauthn:virtualAuthenticators: true}
Session ID: 1e689e47e6a72e381dfd5e96b2ab725e
*** Element info: {Using=xpath, value=Inner droppable (greedy)}
11:38:24 INFO  manager.MyListener - org.openqa.selenium.InvalidSelectorException: invalid selector: Unable to locate an element with the xpath expression Inner droppable (greedy) because of the following error:
SyntaxError: Failed to execute 'evaluate' on 'Document': The string 'Inner droppable (greedy)' is not a valid XPath expression.
  (Session info: chrome=105.0.5195.127)
For documentation on this error, please visit: https://www.seleniumhq.org/exceptions/invalid_selector_exception.html
Build info: version: '3.141.59', revision: 'e82be7d358', time: '2018-11-14T08:17:03'
System info: host: 'DESKTOP-KF54E9L', ip: '192.168.42.119', os.name: 'Windows 10', os.arch: 'amd64', os.version: '10.0', java.version: '1.8.0_321'
Driver info: org.openqa.selenium.chrome.ChromeDriver
Capabilities {acceptInsecureCerts: false, browserName: chrome, browserVersion: 105.0.5195.127, chrome: {chromedriverVersion: 105.0.5195.52 (412c95e51883..., userDataDir: C:\Users\Olga\AppData\Local...}, goog:chromeOptions: {debuggerAddress: localhost:52007}, javascriptEnabled: true, networkConnectionEnabled: false, pageLoadStrategy: normal, platform: WINDOWS, platformName: WINDOWS, proxy: Proxy(), setWindowRect: true, strictFileInteractability: false, timeouts: {implicit: 0, pageLoad: 300000, script: 30000}, unhandledPromptBehavior: dismiss and notify, webauthn:extension:credBlob: true, webauthn:extension:largeBlob: true, webauthn:virtualAuthenticators: true}
Session ID: 1e689e47e6a72e381dfd5e96b2ab725e
*** Element info: {Using=xpath, value=Inner droppable (greedy)}
11:38:29 INFO  tests.Base - Finished test named:--> droppablePreventPropagation
11:38:29 INFO  manager.MyListener - Start to find element with locator-->By.cssSelector: a[href='https://demoqa.com']
11:38:30 INFO  manager.MyListener - Element with locator-->By.cssSelector: a[href='https://demoqa.com'] was found
