14:47:49 INFO  manager.ApplicationManager - All tests start in Chrome
14:48:07 INFO  manager.MyListener - Start to find element with locator-->By.xpath: //h5[.='Interactions']
14:48:07 INFO  manager.MyListener - Element with locator-->By.xpath: //h5[.='Interactions'] was found
14:48:07 INFO  tests.Base - Starts test named:--> droppable
14:48:07 INFO  manager.MyListener - Start to find element with locator-->By.xpath: //li[.='Droppable']
14:48:07 INFO  manager.MyListener - Element with locator-->By.xpath: //li[.='Droppable'] was found
14:48:09 INFO  manager.MyListener - Start to find element with locator-->By.cssSelector: div[id='draggable']
14:48:10 INFO  manager.MyListener - Element with locator-->By.cssSelector: div[id='draggable'] was found
14:48:10 INFO  manager.MyListener - Start to find element with locator-->By.cssSelector: div#simpleDropContainer div#droppable
14:48:10 INFO  manager.MyListener - Element with locator-->By.cssSelector: div#simpleDropContainer div#droppable was found
14:48:10 INFO  manager.MyListener - Start to find element with locator-->By.xpath: //p[.='Dropped!']
14:48:10 INFO  manager.MyListener - Element with locator-->By.xpath: //p[.='Dropped!'] was found
14:48:25 INFO  tests.Base - Finished test named:--> droppable
14:48:25 INFO  tests.Base - Starts test named:--> droppable2
14:48:25 INFO  manager.MyListener - Start to find element with locator-->By.xpath: //li[.='Droppable']
14:48:25 INFO  manager.MyListener - Element with locator-->By.xpath: //li[.='Droppable'] was found
14:48:26 INFO  manager.MyListener - Something went wrong-->https://demoqa.com/droppable
14:48:26 INFO  manager.MyListener - element click intercepted: Element <li class="btn btn-light active" id="item-3">...</li> is not clickable at point (208, 712). Other element would receive the click: <div id="fixedban" style="width:100%;margin:auto;text-align:center;float:none;overflow:hidden;display:scroll;position:fixed;bottom:0;z-index:9999999">...</div>
  (Session info: chrome=105.0.5195.127)
Build info: version: '3.141.59', revision: 'e82be7d358', time: '2018-11-14T08:17:03'
System info: host: 'DESKTOP-KF54E9L', ip: '192.168.42.119', os.name: 'Windows 10', os.arch: 'amd64', os.version: '10.0', java.version: '1.8.0_321'
Driver info: org.openqa.selenium.chrome.ChromeDriver
Capabilities {acceptInsecureCerts: false, browserName: chrome, browserVersion: 105.0.5195.127, chrome: {chromedriverVersion: 105.0.5195.52 (412c95e51883..., userDataDir: C:\Users\Olga\AppData\Local...}, goog:chromeOptions: {debuggerAddress: localhost:58251}, javascriptEnabled: true, networkConnectionEnabled: false, pageLoadStrategy: normal, platform: WINDOWS, platformName: WINDOWS, proxy: Proxy(), setWindowRect: true, strictFileInteractability: false, timeouts: {implicit: 0, pageLoad: 300000, script: 30000}, unhandledPromptBehavior: dismiss and notify, webauthn:extension:credBlob: true, webauthn:extension:largeBlob: true, webauthn:virtualAuthenticators: true}
Session ID: 9e0c314f85a12d9085f4770ef894e4f0
14:48:26 INFO  manager.MyListener - org.openqa.selenium.ElementClickInterceptedException: element click intercepted: Element <li class="btn btn-light active" id="item-3">...</li> is not clickable at point (208, 712). Other element would receive the click: <div id="fixedban" style="width:100%;margin:auto;text-align:center;float:none;overflow:hidden;display:scroll;position:fixed;bottom:0;z-index:9999999">...</div>
  (Session info: chrome=105.0.5195.127)
Build info: version: '3.141.59', revision: 'e82be7d358', time: '2018-11-14T08:17:03'
System info: host: 'DESKTOP-KF54E9L', ip: '192.168.42.119', os.name: 'Windows 10', os.arch: 'amd64', os.version: '10.0', java.version: '1.8.0_321'
Driver info: org.openqa.selenium.chrome.ChromeDriver
Capabilities {acceptInsecureCerts: false, browserName: chrome, browserVersion: 105.0.5195.127, chrome: {chromedriverVersion: 105.0.5195.52 (412c95e51883..., userDataDir: C:\Users\Olga\AppData\Local...}, goog:chromeOptions: {debuggerAddress: localhost:58251}, javascriptEnabled: true, networkConnectionEnabled: false, pageLoadStrategy: normal, platform: WINDOWS, platformName: WINDOWS, proxy: Proxy(), setWindowRect: true, strictFileInteractability: false, timeouts: {implicit: 0, pageLoad: 300000, script: 30000}, unhandledPromptBehavior: dismiss and notify, webauthn:extension:credBlob: true, webauthn:extension:largeBlob: true, webauthn:virtualAuthenticators: true}
Session ID: 9e0c314f85a12d9085f4770ef894e4f0
14:48:27 INFO  tests.Base - Finished test named:--> droppable2
14:48:27 INFO  manager.MyListener - Start to find element with locator-->By.cssSelector: a[href='https://demoqa.com']
