21:17:34 INFO  manager.ApplicationManager - All tests start in Chrome
21:17:41 INFO  tests.Base - Starts test named:--> testo
21:17:41 INFO  manager.MyListener - Start to find element with locator-->By.cssSelector: input[name='username']
21:17:41 INFO  manager.MyListener - Element with locator-->By.cssSelector: input[name='username'] was found
21:17:41 INFO  manager.MyListener - Start to find element with locator-->By.cssSelector: input[name='password']
21:17:41 INFO  manager.MyListener - Element with locator-->By.cssSelector: input[name='password'] was found
21:17:42 INFO  manager.MyListener - Start to find element with locator-->By.cssSelector: input[name='login']
21:17:42 INFO  manager.MyListener - Element with locator-->By.cssSelector: input[name='login'] was found
21:18:01 INFO  manager.MyListener - Start to find element with locator-->By.cssSelector: a[href='/my_plans.php']
21:18:01 INFO  manager.MyListener - Element with locator-->By.cssSelector: a[href='/my_plans.php'] was found
21:18:08 INFO  manager.MyListener - Start to find element with locator-->By.xpath: //li[@data-href='/pbl/edit_info.php?id=501349']/a
21:18:08 INFO  manager.MyListener - Element with locator-->By.xpath: //li[@data-href='/pbl/edit_info.php?id=501349']/a was found
21:18:12 INFO  manager.MyListener - Start to find element with locator-->By.cssSelector: div[class='lead-name']
21:18:12 INFO  manager.MyListener - Element with locator-->By.cssSelector: div[class='lead-name'] was found
21:18:12 INFO  manager.MyListener - Start to find element with locator-->By.cssSelector: div[class='selected-categories-list'] div
21:18:12 INFO  manager.MyListener - Element with locator-->By.cssSelector: div[class='selected-categories-list'] div was found
21:18:12 INFO  manager.MyListener - Start to find element with locator-->By.cssSelector: div[class='suggested-categories-list'] div[class='category-item ']:nth-child(1) input
21:18:12 INFO  manager.MyListener - Element with locator-->By.cssSelector: div[class='suggested-categories-list'] div[class='category-item ']:nth-child(1) input was found
21:18:20 INFO  manager.MyListener - Start to find element with locator-->By.cssSelector: div[class='suggested-categories-list'] div[class='category-item ']:nth-child(2) input
21:18:25 INFO  manager.MyListener - Something went wrong-->https://accounts.atara2.networx.link/pbl/edit_info.php?id=501349
21:18:25 INFO  manager.MyListener - no such element: Unable to locate element: {"method":"css selector","selector":"div[class='suggested-categories-list'] div[class='category-item ']:nth-child(2) input"}
  (Session info: chrome=104.0.5112.102)
For documentation on this error, please visit: https://www.seleniumhq.org/exceptions/no_such_element.html
Build info: version: '3.141.59', revision: 'e82be7d358', time: '2018-11-14T08:17:03'
System info: host: 'ARTEMKA', ip: '192.168.0.103', os.name: 'Windows 10', os.arch: 'amd64', os.version: '10.0', java.version: '1.8.0_333'
Driver info: org.openqa.selenium.chrome.ChromeDriver
Capabilities {acceptInsecureCerts: false, browserName: chrome, browserVersion: 104.0.5112.102, chrome: {chromedriverVersion: 104.0.5112.79 (3cf3e8c8a07d..., userDataDir: C:\Users\ompre\AppData\Loca...}, goog:chromeOptions: {debuggerAddress: localhost:58864}, javascriptEnabled: true, networkConnectionEnabled: false, pageLoadStrategy: normal, platform: WINDOWS, platformName: WINDOWS, proxy: Proxy(), setWindowRect: true, strictFileInteractability: false, timeouts: {implicit: 0, pageLoad: 300000, script: 30000}, unhandledPromptBehavior: dismiss and notify, webauthn:extension:credBlob: true, webauthn:extension:largeBlob: true, webauthn:virtualAuthenticators: true}
Session ID: 5137c834ac391b3c69d8afafeb85caca
*** Element info: {Using=css selector, value=div[class='suggested-categories-list'] div[class='category-item ']:nth-child(2) input}
21:18:25 INFO  manager.MyListener - org.openqa.selenium.NoSuchElementException: no such element: Unable to locate element: {"method":"css selector","selector":"div[class='suggested-categories-list'] div[class='category-item ']:nth-child(2) input"}
  (Session info: chrome=104.0.5112.102)
For documentation on this error, please visit: https://www.seleniumhq.org/exceptions/no_such_element.html
Build info: version: '3.141.59', revision: 'e82be7d358', time: '2018-11-14T08:17:03'
System info: host: 'ARTEMKA', ip: '192.168.0.103', os.name: 'Windows 10', os.arch: 'amd64', os.version: '10.0', java.version: '1.8.0_333'
Driver info: org.openqa.selenium.chrome.ChromeDriver
Capabilities {acceptInsecureCerts: false, browserName: chrome, browserVersion: 104.0.5112.102, chrome: {chromedriverVersion: 104.0.5112.79 (3cf3e8c8a07d..., userDataDir: C:\Users\ompre\AppData\Loca...}, goog:chromeOptions: {debuggerAddress: localhost:58864}, javascriptEnabled: true, networkConnectionEnabled: false, pageLoadStrategy: normal, platform: WINDOWS, platformName: WINDOWS, proxy: Proxy(), setWindowRect: true, strictFileInteractability: false, timeouts: {implicit: 0, pageLoad: 300000, script: 30000}, unhandledPromptBehavior: dismiss and notify, webauthn:extension:credBlob: true, webauthn:extension:largeBlob: true, webauthn:virtualAuthenticators: true}
Session ID: 5137c834ac391b3c69d8afafeb85caca
*** Element info: {Using=css selector, value=div[class='suggested-categories-list'] div[class='category-item ']:nth-child(2) input}
21:18:25 INFO  tests.Base - Finished test named:--> testo
