19:01:32 INFO  manager.ApplicationManager - All tests start in Chrome
19:01:36 INFO  manager.MyListener - Start to find element with locator-->By.xpath: //h5[.='Interactions']
19:01:36 INFO  manager.MyListener - Element with locator-->By.xpath: //h5[.='Interactions'] was found
19:01:36 INFO  tests.Base - Starts test named:--> sortableList
19:01:36 INFO  manager.MyListener - Start to find element with locator-->By.xpath: //span[.='Sortable']
19:01:37 INFO  manager.MyListener - Element with locator-->By.xpath: //span[.='Sortable'] was found
19:01:37 INFO  manager.MyListener - Start to find element with locator-->By.xpath: //div[.='0']
19:01:42 INFO  manager.MyListener - Something went wrong-->https://demoqa.com/sortable
19:01:42 INFO  manager.MyListener - no such element: Unable to locate element: {"method":"xpath","selector":"//div[.='0']"}
  (Session info: chrome=105.0.5195.127)
For documentation on this error, please visit: https://www.seleniumhq.org/exceptions/no_such_element.html
Build info: version: '3.141.59', revision: 'e82be7d358', time: '2018-11-14T08:17:03'
System info: host: 'ARTEMKA', ip: '192.168.0.103', os.name: 'Windows 10', os.arch: 'amd64', os.version: '10.0', java.version: '1.8.0_333'
Driver info: org.openqa.selenium.chrome.ChromeDriver
Capabilities {acceptInsecureCerts: false, browserName: chrome, browserVersion: 105.0.5195.127, chrome: {chromedriverVersion: 104.0.5112.79 (3cf3e8c8a07d..., userDataDir: C:\Users\ompre\AppData\Loca...}, goog:chromeOptions: {debuggerAddress: localhost:63730}, javascriptEnabled: true, networkConnectionEnabled: false, pageLoadStrategy: normal, platform: WINDOWS, platformName: WINDOWS, proxy: Proxy(), setWindowRect: true, strictFileInteractability: false, timeouts: {implicit: 0, pageLoad: 300000, script: 30000}, unhandledPromptBehavior: dismiss and notify, webauthn:extension:credBlob: true, webauthn:extension:largeBlob: true, webauthn:virtualAuthenticators: true}
Session ID: 6d986593493236fc609fe7fb50456af6
*** Element info: {Using=xpath, value=//div[.='0']}
19:01:42 INFO  manager.MyListener - org.openqa.selenium.NoSuchElementException: no such element: Unable to locate element: {"method":"xpath","selector":"//div[.='0']"}
  (Session info: chrome=105.0.5195.127)
For documentation on this error, please visit: https://www.seleniumhq.org/exceptions/no_such_element.html
Build info: version: '3.141.59', revision: 'e82be7d358', time: '2018-11-14T08:17:03'
System info: host: 'ARTEMKA', ip: '192.168.0.103', os.name: 'Windows 10', os.arch: 'amd64', os.version: '10.0', java.version: '1.8.0_333'
Driver info: org.openqa.selenium.chrome.ChromeDriver
Capabilities {acceptInsecureCerts: false, browserName: chrome, browserVersion: 105.0.5195.127, chrome: {chromedriverVersion: 104.0.5112.79 (3cf3e8c8a07d..., userDataDir: C:\Users\ompre\AppData\Loca...}, goog:chromeOptions: {debuggerAddress: localhost:63730}, javascriptEnabled: true, networkConnectionEnabled: false, pageLoadStrategy: normal, platform: WINDOWS, platformName: WINDOWS, proxy: Proxy(), setWindowRect: true, strictFileInteractability: false, timeouts: {implicit: 0, pageLoad: 300000, script: 30000}, unhandledPromptBehavior: dismiss and notify, webauthn:extension:credBlob: true, webauthn:extension:largeBlob: true, webauthn:virtualAuthenticators: true}
Session ID: 6d986593493236fc609fe7fb50456af6
*** Element info: {Using=xpath, value=//div[.='0']}
19:01:42 INFO  tests.Base - Finished test named:--> sortableList
