14:26:16 INFO  manager.ApplicationManager - All tests start in Chrome
14:26:57 INFO  tests.Base - Starts test named:--> testo
14:26:57 INFO  manager.MyListener - Start to find element with locator-->By.cssSelector: input[name='username']
14:26:58 INFO  manager.MyListener - Element with locator-->By.cssSelector: input[name='username'] was found
14:27:00 INFO  manager.MyListener - Start to find element with locator-->By.cssSelector: input[name='password']
14:27:00 INFO  manager.MyListener - Element with locator-->By.cssSelector: input[name='password'] was found
14:27:03 INFO  manager.MyListener - Start to find element with locator-->By.cssSelector: input[name='login']
14:27:03 INFO  manager.MyListener - Element with locator-->By.cssSelector: input[name='login'] was found
14:27:24 INFO  manager.MyListener - Start to find element with locator-->By.cssSelector: a[href='/my_plans.php']
14:27:24 INFO  manager.MyListener - Element with locator-->By.cssSelector: a[href='/my_plans.php'] was found
14:27:36 INFO  manager.MyListener - Start to find element with locator-->By.xpath: //li[@data-href='/pbl/edit_info.php?id=501349']/a
14:27:36 INFO  manager.MyListener - Element with locator-->By.xpath: //li[@data-href='/pbl/edit_info.php?id=501349']/a was found
14:27:48 INFO  manager.MyListener - Start to find element with locator-->By.cssSelector: div[class='lead-name']
14:27:49 INFO  manager.MyListener - Element with locator-->By.cssSelector: div[class='lead-name'] was found
14:27:49 INFO  manager.MyListener - Start to find element with locator-->By.cssSelector: div[class='selected-categories-list']
14:27:49 INFO  manager.MyListener - Element with locator-->By.cssSelector: div[class='selected-categories-list'] was found
14:27:49 INFO  manager.MyListener - Start to find element with locator-->By.cssSelector: div[class='suggested-categories-list'] div[class='category-item ']:nth-child(3) input[data-cat-id='24']
14:27:55 INFO  manager.MyListener - Something went wrong-->https://accounts.atara2.networx.link/pbl/edit_info.php?id=501349
14:27:55 INFO  manager.MyListener - no such element: Unable to locate element: {"method":"css selector","selector":"div[class='suggested-categories-list'] div[class='category-item ']:nth-child(3) input[data-cat-id='24']"}
  (Session info: chrome=104.0.5112.102)
For documentation on this error, please visit: https://www.seleniumhq.org/exceptions/no_such_element.html
Build info: version: '3.141.59', revision: 'e82be7d358', time: '2018-11-14T08:17:03'
System info: host: 'DESKTOP-KF54E9L', ip: '192.168.42.118', os.name: 'Windows 10', os.arch: 'amd64', os.version: '10.0', java.version: '1.8.0_321'
Driver info: org.openqa.selenium.chrome.ChromeDriver
Capabilities {acceptInsecureCerts: false, browserName: chrome, browserVersion: 104.0.5112.102, chrome: {chromedriverVersion: 103.0.5060.134 (8ec6fce403b..., userDataDir: C:\Users\Olga\AppData\Local...}, goog:chromeOptions: {debuggerAddress: localhost:51584}, javascriptEnabled: true, networkConnectionEnabled: false, pageLoadStrategy: normal, platform: WINDOWS, platformName: WINDOWS, proxy: Proxy(), setWindowRect: true, strictFileInteractability: false, timeouts: {implicit: 0, pageLoad: 300000, script: 30000}, unhandledPromptBehavior: dismiss and notify, webauthn:extension:credBlob: true, webauthn:extension:largeBlob: true, webauthn:virtualAuthenticators: true}
Session ID: e1a1399570f94ff2287759dacc46c3d6
*** Element info: {Using=css selector, value=div[class='suggested-categories-list'] div[class='category-item ']:nth-child(3) input[data-cat-id='24']}
14:27:55 INFO  manager.MyListener - org.openqa.selenium.NoSuchElementException: no such element: Unable to locate element: {"method":"css selector","selector":"div[class='suggested-categories-list'] div[class='category-item ']:nth-child(3) input[data-cat-id='24']"}
  (Session info: chrome=104.0.5112.102)
For documentation on this error, please visit: https://www.seleniumhq.org/exceptions/no_such_element.html
Build info: version: '3.141.59', revision: 'e82be7d358', time: '2018-11-14T08:17:03'
System info: host: 'DESKTOP-KF54E9L', ip: '192.168.42.118', os.name: 'Windows 10', os.arch: 'amd64', os.version: '10.0', java.version: '1.8.0_321'
Driver info: org.openqa.selenium.chrome.ChromeDriver
Capabilities {acceptInsecureCerts: false, browserName: chrome, browserVersion: 104.0.5112.102, chrome: {chromedriverVersion: 103.0.5060.134 (8ec6fce403b..., userDataDir: C:\Users\Olga\AppData\Local...}, goog:chromeOptions: {debuggerAddress: localhost:51584}, javascriptEnabled: true, networkConnectionEnabled: false, pageLoadStrategy: normal, platform: WINDOWS, platformName: WINDOWS, proxy: Proxy(), setWindowRect: true, strictFileInteractability: false, timeouts: {implicit: 0, pageLoad: 300000, script: 30000}, unhandledPromptBehavior: dismiss and notify, webauthn:extension:credBlob: true, webauthn:extension:largeBlob: true, webauthn:virtualAuthenticators: true}
Session ID: e1a1399570f94ff2287759dacc46c3d6
*** Element info: {Using=css selector, value=div[class='suggested-categories-list'] div[class='category-item ']:nth-child(3) input[data-cat-id='24']}
14:27:56 INFO  tests.Base - Finished test named:--> testo
