13:34:52 INFO  manager.ApplicationManager - All tests start in Chrome
13:35:32 INFO  tests.Base - Starts test named:--> testo
13:35:32 INFO  manager.MyListener - Start to find element with locator-->By.cssSelector: input[name='username']
13:35:32 INFO  manager.MyListener - Element with locator-->By.cssSelector: input[name='username'] was found
13:35:34 INFO  manager.MyListener - Start to find element with locator-->By.cssSelector: input[name='password']
13:35:35 INFO  manager.MyListener - Element with locator-->By.cssSelector: input[name='password'] was found
13:35:36 INFO  manager.MyListener - Start to find element with locator-->By.cssSelector: input[name='login']
13:35:36 INFO  manager.MyListener - Element with locator-->By.cssSelector: input[name='login'] was found
13:35:54 INFO  manager.MyListener - Start to find element with locator-->By.cssSelector: a[href='/my_plans.php']
13:35:54 INFO  manager.MyListener - Element with locator-->By.cssSelector: a[href='/my_plans.php'] was found
13:36:06 INFO  manager.MyListener - Start to find element with locator-->By.cssSelector: 
13:36:06 INFO  manager.MyListener - Something went wrong-->https://accounts.atara2.networx.link/my_plans.php
13:36:06 INFO  manager.MyListener - invalid selector: No selector specified
  (Session info: chrome=104.0.5112.102)
For documentation on this error, please visit: https://www.seleniumhq.org/exceptions/invalid_selector_exception.html
Build info: version: '3.141.59', revision: 'e82be7d358', time: '2018-11-14T08:17:03'
System info: host: 'DESKTOP-KF54E9L', ip: '192.168.42.118', os.name: 'Windows 10', os.arch: 'amd64', os.version: '10.0', java.version: '1.8.0_321'
Driver info: org.openqa.selenium.chrome.ChromeDriver
Capabilities {acceptInsecureCerts: false, browserName: chrome, browserVersion: 104.0.5112.102, chrome: {chromedriverVersion: 103.0.5060.134 (8ec6fce403b..., userDataDir: C:\Users\Olga\AppData\Local...}, goog:chromeOptions: {debuggerAddress: localhost:60825}, javascriptEnabled: true, networkConnectionEnabled: false, pageLoadStrategy: normal, platform: WINDOWS, platformName: WINDOWS, proxy: Proxy(), setWindowRect: true, strictFileInteractability: false, timeouts: {implicit: 0, pageLoad: 300000, script: 30000}, unhandledPromptBehavior: dismiss and notify, webauthn:extension:credBlob: true, webauthn:extension:largeBlob: true, webauthn:virtualAuthenticators: true}
Session ID: 59ac326a445b9db3eeb5899ec3ab5724
*** Element info: {Using=css selector, value=}
13:36:06 INFO  manager.MyListener - org.openqa.selenium.InvalidSelectorException: invalid selector: No selector specified
  (Session info: chrome=104.0.5112.102)
For documentation on this error, please visit: https://www.seleniumhq.org/exceptions/invalid_selector_exception.html
Build info: version: '3.141.59', revision: 'e82be7d358', time: '2018-11-14T08:17:03'
System info: host: 'DESKTOP-KF54E9L', ip: '192.168.42.118', os.name: 'Windows 10', os.arch: 'amd64', os.version: '10.0', java.version: '1.8.0_321'
Driver info: org.openqa.selenium.chrome.ChromeDriver
Capabilities {acceptInsecureCerts: false, browserName: chrome, browserVersion: 104.0.5112.102, chrome: {chromedriverVersion: 103.0.5060.134 (8ec6fce403b..., userDataDir: C:\Users\Olga\AppData\Local...}, goog:chromeOptions: {debuggerAddress: localhost:60825}, javascriptEnabled: true, networkConnectionEnabled: false, pageLoadStrategy: normal, platform: WINDOWS, platformName: WINDOWS, proxy: Proxy(), setWindowRect: true, strictFileInteractability: false, timeouts: {implicit: 0, pageLoad: 300000, script: 30000}, unhandledPromptBehavior: dismiss and notify, webauthn:extension:credBlob: true, webauthn:extension:largeBlob: true, webauthn:virtualAuthenticators: true}
Session ID: 59ac326a445b9db3eeb5899ec3ab5724
*** Element info: {Using=css selector, value=}
13:36:07 INFO  tests.Base - Finished test named:--> testo
